<?xml version="1.0" encoding="UTF-8"?>
<testsuite name="naver.tpdms0169.todo_server.TodoServerApplicationTests" tests="1" skipped="0" failures="0" errors="0" timestamp="2024-11-18T06:47:21" hostname="정세은" time="0.41">
  <properties/>
  <testcase name="contextLoads()" classname="naver.tpdms0169.todo_server.TodoServerApplicationTests" time="0.41"/>
  <system-out><![CDATA[15:47:16.157 [Test worker] INFO org.springframework.test.context.support.AnnotationConfigContextLoaderUtils -- Could not detect default configuration classes for test class [naver.tpdms0169.todo_server.TodoServerApplicationTests]: TodoServerApplicationTests does not declare any static, non-private, non-final, nested classes annotated with @Configuration.
15:47:16.300 [Test worker] INFO org.springframework.boot.test.context.SpringBootTestContextBootstrapper -- Found @SpringBootConfiguration naver.tpdms0169.todo_server.TodoServerApplication for test class naver.tpdms0169.todo_server.TodoServerApplicationTests

  .   ____          _            __ _ _
 /\\ / ___'_ __ _ _(_)_ __  __ _ \ \ \ \
( ( )\___ | '_ | '_| | '_ \/ _` | \ \ \ \
 \\/  ___)| |_)| | | | | || (_| |  ) ) ) )
  '  |____| .__|_| |_|_| |_\__, | / / / /
 =========|_|==============|___/=/_/_/_/

 :: Spring Boot ::                (v3.3.5)

2024-11-18T15:47:16.732+09:00  INFO 25424 --- [    Test worker] n.t.t.TodoServerApplicationTests         : Starting TodoServerApplicationTests using Java 17.0.13 with PID 25424 (started by aanni in C:\Users\aanni\GitHub\todo_cloud\todo_server)
2024-11-18T15:47:16.732+09:00  INFO 25424 --- [    Test worker] n.t.t.TodoServerApplicationTests         : No active profile set, falling back to 1 default profile: "default"
2024-11-18T15:47:17.581+09:00  INFO 25424 --- [    Test worker] .s.d.r.c.RepositoryConfigurationDelegate : Bootstrapping Spring Data JPA repositories in DEFAULT mode.
2024-11-18T15:47:17.672+09:00  INFO 25424 --- [    Test worker] .s.d.r.c.RepositoryConfigurationDelegate : Finished Spring Data repository scanning in 76 ms. Found 2 JPA repository interfaces.
2024-11-18T15:47:18.181+09:00  INFO 25424 --- [    Test worker] o.hibernate.jpa.internal.util.LogHelper  : HHH000204: Processing PersistenceUnitInfo [name: default]
2024-11-18T15:47:18.224+09:00  INFO 25424 --- [    Test worker] org.hibernate.Version                    : HHH000412: Hibernate ORM core version 6.5.3.Final
2024-11-18T15:47:18.256+09:00  INFO 25424 --- [    Test worker] o.h.c.internal.RegionFactoryInitiator    : HHH000026: Second-level cache disabled
2024-11-18T15:47:18.602+09:00  INFO 25424 --- [    Test worker] o.s.o.j.p.SpringPersistenceUnitInfo      : No LoadTimeWeaver setup: ignoring JPA class transformer
2024-11-18T15:47:18.637+09:00  INFO 25424 --- [    Test worker] com.zaxxer.hikari.HikariDataSource       : HikariPool-1 - Starting...
2024-11-18T15:47:18.698+09:00  INFO 25424 --- [    Test worker] com.zaxxer.hikari.pool.HikariPool        : HikariPool-1 - Added connection org.mariadb.jdbc.Connection@563843f1
2024-11-18T15:47:18.698+09:00  INFO 25424 --- [    Test worker] com.zaxxer.hikari.HikariDataSource       : HikariPool-1 - Start completed.
2024-11-18T15:47:18.732+09:00  WARN 25424 --- [    Test worker] org.hibernate.orm.deprecation            : HHH90000025: MariaDBDialect does not need to be specified explicitly using 'hibernate.dialect' (remove the property setting and it will be selected by default)
2024-11-18T15:47:19.425+09:00  INFO 25424 --- [    Test worker] o.h.e.t.j.p.i.JtaPlatformInitiator       : HHH000489: No JTA platform available (set 'hibernate.transaction.jta.platform' to enable JTA platform integration)
2024-11-18T15:47:19.472+09:00  INFO 25424 --- [    Test worker] j.LocalContainerEntityManagerFactoryBean : Initialized JPA EntityManagerFactory for persistence unit 'default'
2024-11-18T15:47:20.051+09:00  INFO 25424 --- [    Test worker] o.s.d.j.r.query.QueryEnhancerFactory     : Hibernate is in classpath; If applicable, HQL parser will be used.
crud controller
2024-11-18T15:47:20.912+09:00  WARN 25424 --- [    Test worker] JpaBaseConfiguration$JpaWebConfiguration : spring.jpa.open-in-view is enabled by default. Therefore, database queries may be performed during view rendering. Explicitly configure spring.jpa.open-in-view to disable this warning
2024-11-18T15:47:20.960+09:00  INFO 25424 --- [    Test worker] r$InitializeUserDetailsManagerConfigurer : Global AuthenticationManager configured with UserDetailsService bean with name customUserDetailsService
2024-11-18T15:47:21.904+09:00  INFO 25424 --- [    Test worker] n.t.t.TodoServerApplicationTests         : Started TodoServerApplicationTests in 5.428 seconds (process running for 6.491)
]]></system-out>
  <system-err><![CDATA[]]></system-err>
</testsuite>
